<?xml version="1.0" ?>
<!DOCTYPE coverage SYSTEM "http://cobertura.sourceforge.net/xml/coverage-04.dtd">
<coverage lines-valid="51" lines-covered="39" line-rate="0.7646999999999999" branches-valid="47" branches-covered="35" branch-rate="0.7445999999999999" timestamp="1783500753535" complexity="0" version="0.1">
  <sources>
    <source>/home/nautvangent/Documents/Gimme/4-frontend</source>
  </sources>
  <packages>
    <package name="main" line-rate="0.7646999999999999" branch-rate="0.7445999999999999">
      <classes>
        <class name="ExcelUpload.jsx" filename="src/frontend/components/ExcelUpload.jsx" line-rate="0.7646999999999999" branch-rate="0.7445999999999999">
          <methods>
            <method name="ExcelUpload" hits="48" signature="()V">
              <lines>
                <line number="16" hits="48"/>
              </lines>
            </method>
            <method name="(anonymous_1)" hits="13" signature="()V">
              <lines>
                <line number="33" hits="13"/>
              </lines>
            </method>
            <method name="(anonymous_2)" hits="12" signature="()V">
              <lines>
                <line number="52" hits="12"/>
              </lines>
            </method>
          </methods>
          <lines>
            <line number="17" hits="48" branch="false"/>
            <line number="18" hits="48" branch="false"/>
            <line number="19" hits="48" branch="false"/>
            <line number="20" hits="48" branch="false"/>
            <line number="22" hits="48" branch="false"/>
            <line number="33" hits="48" branch="false"/>
            <line number="34" hits="13" branch="false"/>
            <line number="35" hits="13" branch="true" condition-coverage="50% (1/2)"/>
            <line number="36" hits="0" branch="false"/>
            <line number="40" hits="13" branch="true" condition-coverage="100% (2/2)"/>
            <line number="41" hits="1" branch="false"/>
            <line number="42" hits="1" branch="false"/>
            <line number="44" hits="12" branch="false"/>
            <line number="45" hits="12" branch="false"/>
            <line number="52" hits="48" branch="false"/>
            <line number="53" hits="12" branch="false"/>
            <line number="54" hits="12" branch="true" condition-coverage="50% (1/2)"/>
            <line number="55" hits="0" branch="false"/>
            <line number="58" hits="12" branch="false"/>
            <line number="59" hits="12" branch="false"/>
            <line number="60" hits="12" branch="false"/>
            <line number="62" hits="12" branch="false"/>
            <line number="63" hits="12" branch="false"/>
            <line number="65" hits="12" branch="false"/>
            <line number="66" hits="12" branch="false"/>
            <line number="71" hits="10" branch="false"/>
            <line number="73" hits="10" branch="true" condition-coverage="100% (4/4)"/>
            <line number="74" hits="6" branch="false"/>
            <line number="75" hits="6" branch="true" condition-coverage="50% (1/2)"/>
            <line number="76" hits="0" branch="false"/>
            <line number="78" hits="4" branch="true" condition-coverage="100% (4/4)"/>
            <line number="79" hits="2" branch="false"/>
            <line number="80" hits="2" branch="true" condition-coverage="50% (1/2)"/>
            <line number="81" hits="0" branch="false"/>
            <line number="83" hits="2" branch="true" condition-coverage="100% (4/4)"/>
            <line number="84" hits="1" branch="true" condition-coverage="50% (1/2)"/>
            <line number="85" hits="1" branch="false"/>
            <line number="86" hits="1" branch="true" condition-coverage="50% (1/2)"/>
            <line number="87" hits="0" branch="false"/>
            <line number="89" hits="1" branch="true" condition-coverage="50% (1/2)"/>
            <line number="90" hits="1" branch="false"/>
            <line number="91" hits="1" branch="true" condition-coverage="50% (1/2)"/>
            <line number="92" hits="0" branch="false"/>
            <line number="95" hits="0" branch="false"/>
            <line number="96" hits="0" branch="true" condition-coverage="0% (0/2)"/>
            <line number="97" hits="0" branch="false"/>
            <line number="101" hits="0" branch="false"/>
            <line number="102" hits="0" branch="true" condition-coverage="0% (0/2)"/>
            <line number="103" hits="0" branch="false"/>
            <line number="106" hits="10" branch="false"/>
            <line number="110" hits="48" branch="false"/>
          </lines>
        </class>
      </classes>
    </package>
  </packages>
</coverage>
