{"total": {"lines":{"total":51,"covered":39,"skipped":0,"pct":76.47},"statements":{"total":51,"covered":39,"skipped":0,"pct":76.47},"functions":{"total":3,"covered":3,"skipped":0,"pct":100},"branches":{"total":47,"covered":35,"skipped":0,"pct":74.46},"branchesTrue":{"total":0,"covered":0,"skipped":0,"pct":"Unknown"}}
,"/home/nautvangent/Documents/Gimme/4-frontend/src/frontend/components/ExcelUpload.jsx": {"lines":{"total":51,"covered":39,"skipped":0,"pct":76.47},"functions":{"total":3,"covered":3,"skipped":0,"pct":100},"statements":{"total":51,"covered":39,"skipped":0,"pct":76.47},"branches":{"total":47,"covered":35,"skipped":0,"pct":74.46}}
}
