{"numFailedTestSuites":0,"numFailedTests":0,"numPassedTestSuites":3,"numPassedTests":33,"numPendingTestSuites":0,"numPendingTests":0,"numRuntimeErrorTestSuites":0,"numTodoTests":0,"numTotalTestSuites":3,"numTotalTests":33,"openHandles":[],"snapshot":{"added":0,"didUpdate":false,"failure":false,"filesAdded":0,"filesRemoved":0,"filesRemovedList":[],"filesUnmatched":0,"filesUpdated":0,"matched":0,"total":0,"unchecked":0,"uncheckedKeysByFile":[],"unmatched":0,"updated":0},"startTime":1783502170263,"success":true,"testResults":[{"assertionResults":[{"ancestorTitles":["App baseline"],"duration":9,"failing":false,"failureDetails":[],"failureMessages":[],"fullName":"App baseline passes","invocations":1,"location":null,"numPassingAsserts":1,"retryReasons":[],"startAt":1783502172449,"status":"passed","title":"passes"}],"endTime":1783502172461,"message":"","name":"/home/luukie/Documents/Gimme vetting solution/4-frontend/src/frontend/__tests__/App.test.jsx","startTime":1783502171333,"status":"passed","summary":""},{"assertionResults":[{"ancestorTitles":["ExcelUpload Component","File Picker"],"duration":62,"failing":false,"failureDetails":[],"failureMessages":[],"fullName":"ExcelUpload Component File Picker renders a file input that accepts .xlsx and .csv files","invocations":1,"location":null,"numPassingAsserts":2,"retryReasons":[],"startAt":1783502172580,"status":"passed","title":"renders a file input that accepts .xlsx and .csv files"},{"ancestorTitles":["ExcelUpload Component","File Picker"],"duration":13,"failing":false,"failureDetails":[],"failureMessages":[],"fullName":"ExcelUpload Component File Picker displays file type restrictions to the user","invocations":1,"location":null,"numPassingAsserts":1,"retryReasons":[],"startAt":1783502172643,"status":"passed","title":"displays file type restrictions to the user"},{"ancestorTitles":["ExcelUpload Component","File Picker"],"duration":22,"failing":false,"failureDetails":[],"failureMessages":[],"fullName":"ExcelUpload Component File Picker validates MIME type before upload for non-matching types","invocations":1,"location":null,"numPassingAsserts":2,"retryReasons":[],"startAt":1783502172656,"status":"passed","title":"validates MIME type before upload for non-matching types"},{"ancestorTitles":["ExcelUpload Component","Upload Button and API Call"],"duration":124,"failing":false,"failureDetails":[],"failureMessages":[],"fullName":"ExcelUpload Component Upload Button and API Call submits form data using FormData with field named file","invocations":1,"location":null,"numPassingAsserts":2,"retryReasons":[],"startAt":1783502172678,"status":"passed","title":"submits form data using FormData with field named file"},{"ancestorTitles":["ExcelUpload Component","Upload Button and API Call"],"duration":38,"failing":false,"failureDetails":[],"failureMessages":[],"fullName":"ExcelUpload Component Upload Button and API Call posts to the correct endpoint /api/v1/intake/excel","invocations":1,"location":null,"numPassingAsserts":1,"retryReasons":[],"startAt":1783502172802,"status":"passed","title":"posts to the correct endpoint /api/v1/intake/excel"},{"ancestorTitles":["ExcelUpload Component","Upload Button and API Call"],"duration":15,"failing":false,"failureDetails":[],"failureMessages":[],"fullName":"ExcelUpload Component Upload Button and API Call disables upload button while processing","invocations":1,"location":null,"numPassingAsserts":1,"retryReasons":[],"startAt":1783502172840,"status":"passed","title":"disables upload button while processing"},{"ancestorTitles":["ExcelUpload Component","Upload Button and API Call"],"duration":23,"failing":false,"failureDetails":[],"failureMessages":[],"fullName":"ExcelUpload Component Upload Button and API Call shows loading indicator during upload","invocations":1,"location":null,"numPassingAsserts":1,"retryReasons":[],"startAt":1783502172855,"status":"passed","title":"shows loading indicator during upload"},{"ancestorTitles":["ExcelUpload Component","Success Response Display"],"duration":30,"failing":false,"failureDetails":[],"failureMessages":[],"fullName":"ExcelUpload Component Success Response Display displays processing results on success","invocations":1,"location":null,"numPassingAsserts":4,"retryReasons":[],"startAt":1783502172879,"status":"passed","title":"displays processing results on success"},{"ancestorTitles":["ExcelUpload Component","Success Response Display"],"duration":22,"failing":false,"failureDetails":[],"failureMessages":[],"fullName":"ExcelUpload Component Success Response Display re-enables button and hides loading after success","invocations":1,"location":null,"numPassingAsserts":2,"retryReasons":[],"startAt":1783502172909,"status":"passed","title":"re-enables button and hides loading after success"},{"ancestorTitles":["ExcelUpload Component","Success Response Display"],"duration":24,"failing":false,"failureDetails":[],"failureMessages":[],"fullName":"ExcelUpload Component Success Response Display renders download link when rowsFailed > 0","invocations":1,"location":null,"numPassingAsserts":2,"retryReasons":[],"startAt":1783502172932,"status":"passed","title":"renders download link when rowsFailed > 0"},{"ancestorTitles":["ExcelUpload Component","Success Response Display"],"duration":14,"failing":false,"failureDetails":[],"failureMessages":[],"fullName":"ExcelUpload Component Success Response Display does not render download link when rowsFailed === 0","invocations":1,"location":null,"numPassingAsserts":1,"retryReasons":[],"startAt":1783502172956,"status":"passed","title":"does not render download link when rowsFailed === 0"},{"ancestorTitles":["ExcelUpload Component","Error Response Handling"],"duration":17,"failing":false,"failureDetails":[],"failureMessages":[],"fullName":"ExcelUpload Component Error Response Handling displays error message for HTTP 400 Invalid File Format","invocations":1,"location":null,"numPassingAsserts":1,"retryReasons":[],"startAt":1783502172970,"status":"passed","title":"displays error message for HTTP 400 Invalid File Format"},{"ancestorTitles":["ExcelUpload Component","Error Response Handling"],"duration":20,"failing":false,"failureDetails":[],"failureMessages":[],"fullName":"ExcelUpload Component Error Response Handling displays error with unrecognized column names for HTTP 400 Column Name Mismatch","invocations":1,"location":null,"numPassingAsserts":3,"retryReasons":[],"startAt":1783502172987,"status":"passed","title":"displays error with unrecognized column names for HTTP 400 Column Name Mismatch"},{"ancestorTitles":["ExcelUpload Component","Error Response Handling"],"duration":17,"failing":false,"failureDetails":[],"failureMessages":[],"fullName":"ExcelUpload Component Error Response Handling displays generic error message for HTTP 500","invocations":1,"location":null,"numPassingAsserts":1,"retryReasons":[],"startAt":1783502173007,"status":"passed","title":"displays generic error message for HTTP 500"},{"ancestorTitles":["ExcelUpload Component","Error Response Handling"],"duration":15,"failing":false,"failureDetails":[],"failureMessages":[],"fullName":"ExcelUpload Component Error Response Handling re-enables button on error","invocations":1,"location":null,"numPassingAsserts":2,"retryReasons":[],"startAt":1783502173024,"status":"passed","title":"re-enables button on error"}],"endTime":1783502173042,"message":"","name":"/home/luukie/Documents/Gimme vetting solution/4-frontend/src/frontend/components/__tests__/ExcelUpload.test.jsx","startTime":1783502171316,"status":"passed","summary":""},{"assertionResults":[{"ancestorTitles":["PoCUpload Component","File Picker"],"duration":58,"failing":false,"failureDetails":[],"failureMessages":[],"fullName":"PoCUpload Component File Picker renders a file input that accepts only PDF files","invocations":1,"location":null,"numPassingAsserts":2,"retryReasons":[],"startAt":1783502172916,"status":"passed","title":"renders a file input that accepts only PDF files"},{"ancestorTitles":["PoCUpload Component","File Picker"],"duration":13,"failing":false,"failureDetails":[],"failureMessages":[],"fullName":"PoCUpload Component File Picker displays PDF file type restrictions to the user","invocations":1,"location":null,"numPassingAsserts":1,"retryReasons":[],"startAt":1783502172975,"status":"passed","title":"displays PDF file type restrictions to the user"},{"ancestorTitles":["PoCUpload Component","File Picker"],"duration":7,"failing":false,"failureDetails":[],"failureMessages":[],"fullName":"PoCUpload Component File Picker displays the invoice number being worked on","invocations":1,"location":null,"numPassingAsserts":1,"retryReasons":[],"startAt":1783502172988,"status":"passed","title":"displays the invoice number being worked on"},{"ancestorTitles":["PoCUpload Component","File Picker"],"duration":19,"failing":false,"failureDetails":[],"failureMessages":[],"fullName":"PoCUpload Component File Picker validates MIME type before upload for non-PDF files","invocations":1,"location":null,"numPassingAsserts":2,"retryReasons":[],"startAt":1783502172996,"status":"passed","title":"validates MIME type before upload for non-PDF files"},{"ancestorTitles":["PoCUpload Component","Upload Button and API Call"],"duration":113,"failing":false,"failureDetails":[],"failureMessages":[],"fullName":"PoCUpload Component Upload Button and API Call submits form data using FormData with field named file","invocations":1,"location":null,"numPassingAsserts":2,"retryReasons":[],"startAt":1783502173016,"status":"passed","title":"submits form data using FormData with field named file"},{"ancestorTitles":["PoCUpload Component","Upload Button and API Call"],"duration":22,"failing":false,"failureDetails":[],"failureMessages":[],"fullName":"PoCUpload Component Upload Button and API Call posts to the correct endpoint /api/v1/poc-upload","invocations":1,"location":null,"numPassingAsserts":1,"retryReasons":[],"startAt":1783502173129,"status":"passed","title":"posts to the correct endpoint /api/v1/poc-upload"},{"ancestorTitles":["PoCUpload Component","Upload Button and API Call"],"duration":18,"failing":false,"failureDetails":[],"failureMessages":[],"fullName":"PoCUpload Component Upload Button and API Call disables upload button while processing","invocations":1,"location":null,"numPassingAsserts":1,"retryReasons":[],"startAt":1783502173151,"status":"passed","title":"disables upload button while processing"},{"ancestorTitles":["PoCUpload Component","Upload Button and API Call"],"duration":38,"failing":false,"failureDetails":[],"failureMessages":[],"fullName":"PoCUpload Component Upload Button and API Call shows loading indicator during upload","invocations":1,"location":null,"numPassingAsserts":1,"retryReasons":[],"startAt":1783502173170,"status":"passed","title":"shows loading indicator during upload"},{"ancestorTitles":["PoCUpload Component","Success Response Display"],"duration":28,"failing":false,"failureDetails":[],"failureMessages":[],"fullName":"PoCUpload Component Success Response Display displays success message when upload returns 200 UPLOADED","invocations":1,"location":null,"numPassingAsserts":2,"retryReasons":[],"startAt":1783502173208,"status":"passed","title":"displays success message when upload returns 200 UPLOADED"},{"ancestorTitles":["PoCUpload Component","Success Response Display"],"duration":20,"failing":false,"failureDetails":[],"failureMessages":[],"fullName":"PoCUpload Component Success Response Display re-enables button and hides loading after success","invocations":1,"location":null,"numPassingAsserts":2,"retryReasons":[],"startAt":1783502173236,"status":"passed","title":"re-enables button and hides loading after success"},{"ancestorTitles":["PoCUpload Component","Success Response Display"],"duration":16,"failing":false,"failureDetails":[],"failureMessages":[],"fullName":"PoCUpload Component Success Response Display invokes onUploadComplete callback on success","invocations":1,"location":null,"numPassingAsserts":2,"retryReasons":[],"startAt":1783502173256,"status":"passed","title":"invokes onUploadComplete callback on success"},{"ancestorTitles":["PoCUpload Component","Error Response Handling"],"duration":14,"failing":false,"failureDetails":[],"failureMessages":[],"fullName":"PoCUpload Component Error Response Handling displays error message for HTTP 400 Invalid File Format (non-PDF)","invocations":1,"location":null,"numPassingAsserts":1,"retryReasons":[],"startAt":1783502173272,"status":"passed","title":"displays error message for HTTP 400 Invalid File Format (non-PDF)"},{"ancestorTitles":["PoCUpload Component","Error Response Handling"],"duration":18,"failing":false,"failureDetails":[],"failureMessages":[],"fullName":"PoCUpload Component Error Response Handling displays path traversal error for HTTP 400 Path Traversal Detected","invocations":1,"location":null,"numPassingAsserts":1,"retryReasons":[],"startAt":1783502173286,"status":"passed","title":"displays path traversal error for HTTP 400 Path Traversal Detected"},{"ancestorTitles":["PoCUpload Component","Error Response Handling"],"duration":15,"failing":false,"failureDetails":[],"failureMessages":[],"fullName":"PoCUpload Component Error Response Handling displays generic error message for HTTP 500","invocations":1,"location":null,"numPassingAsserts":1,"retryReasons":[],"startAt":1783502173304,"status":"passed","title":"displays generic error message for HTTP 500"},{"ancestorTitles":["PoCUpload Component","Error Response Handling"],"duration":16,"failing":false,"failureDetails":[],"failureMessages":[],"fullName":"PoCUpload Component Error Response Handling re-enables button on error","invocations":1,"location":null,"numPassingAsserts":2,"retryReasons":[],"startAt":1783502173320,"status":"passed","title":"re-enables button on error"},{"ancestorTitles":["PoCUpload Component","Error Response Handling"],"duration":15,"failing":false,"failureDetails":[],"failureMessages":[],"fullName":"PoCUpload Component Error Response Handling invokes onUploadError callback on error","invocations":1,"location":null,"numPassingAsserts":2,"retryReasons":[],"startAt":1783502173337,"status":"passed","title":"invokes onUploadError callback on error"},{"ancestorTitles":["PoCUpload Component","Network Error Handling"],"duration":17,"failing":false,"failureDetails":[],"failureMessages":[],"fullName":"PoCUpload Component Network Error Handling displays generic error message when fetch fails with network error","invocations":1,"location":null,"numPassingAsserts":1,"retryReasons":[],"startAt":1783502173352,"status":"passed","title":"displays generic error message when fetch fails with network error"}],"endTime":1783502173372,"message":"","name":"/home/luukie/Documents/Gimme vetting solution/4-frontend/src/frontend/components/__tests__/PoCUpload.test.jsx","startTime":1783502171344,"status":"passed","summary":""}],"wasInterrupted":false}
