{"numFailedTestSuites":0,"numFailedTests":0,"numPassedTestSuites":2,"numPassedTests":16,"numPendingTestSuites":0,"numPendingTests":0,"numRuntimeErrorTestSuites":0,"numTodoTests":0,"numTotalTestSuites":2,"numTotalTests":16,"openHandles":[],"snapshot":{"added":0,"didUpdate":false,"failure":false,"filesAdded":0,"filesRemoved":0,"filesRemovedList":[],"filesUnmatched":0,"filesUpdated":0,"matched":0,"total":0,"unchecked":0,"uncheckedKeysByFile":[],"unmatched":0,"updated":0},"startTime":1783429667716,"success":true,"testResults":[{"assertionResults":[{"ancestorTitles":["App baseline"],"duration":9,"failing":false,"failureDetails":[],"failureMessages":[],"fullName":"App baseline passes","invocations":1,"location":null,"numPassingAsserts":1,"retryReasons":[],"startAt":1783429669685,"status":"passed","title":"passes"}],"endTime":1783429669697,"message":"","name":"/home/luukie/Documents/Gimme vetting solution/4-frontend/src/frontend/__tests__/App.test.jsx","startTime":1783429668640,"status":"passed","summary":""},{"assertionResults":[{"ancestorTitles":["ExcelUpload Component","File Picker"],"duration":54,"failing":false,"failureDetails":[],"failureMessages":[],"fullName":"ExcelUpload Component File Picker renders a file input that accepts .xlsx and .csv files","invocations":1,"location":null,"numPassingAsserts":2,"retryReasons":[],"startAt":1783429670034,"status":"passed","title":"renders a file input that accepts .xlsx and .csv files"},{"ancestorTitles":["ExcelUpload Component","File Picker"],"duration":10,"failing":false,"failureDetails":[],"failureMessages":[],"fullName":"ExcelUpload Component File Picker displays file type restrictions to the user","invocations":1,"location":null,"numPassingAsserts":1,"retryReasons":[],"startAt":1783429670089,"status":"passed","title":"displays file type restrictions to the user"},{"ancestorTitles":["ExcelUpload Component","File Picker"],"duration":19,"failing":false,"failureDetails":[],"failureMessages":[],"fullName":"ExcelUpload Component File Picker validates MIME type before upload for non-matching types","invocations":1,"location":null,"numPassingAsserts":2,"retryReasons":[],"startAt":1783429670100,"status":"passed","title":"validates MIME type before upload for non-matching types"},{"ancestorTitles":["ExcelUpload Component","Upload Button and API Call"],"duration":106,"failing":false,"failureDetails":[],"failureMessages":[],"fullName":"ExcelUpload Component Upload Button and API Call submits form data using FormData with field named file","invocations":1,"location":null,"numPassingAsserts":2,"retryReasons":[],"startAt":1783429670119,"status":"passed","title":"submits form data using FormData with field named file"},{"ancestorTitles":["ExcelUpload Component","Upload Button and API Call"],"duration":23,"failing":false,"failureDetails":[],"failureMessages":[],"fullName":"ExcelUpload Component Upload Button and API Call posts to the correct endpoint /api/v1/intake/excel","invocations":1,"location":null,"numPassingAsserts":1,"retryReasons":[],"startAt":1783429670225,"status":"passed","title":"posts to the correct endpoint /api/v1/intake/excel"},{"ancestorTitles":["ExcelUpload Component","Upload Button and API Call"],"duration":14,"failing":false,"failureDetails":[],"failureMessages":[],"fullName":"ExcelUpload Component Upload Button and API Call disables upload button while processing","invocations":1,"location":null,"numPassingAsserts":1,"retryReasons":[],"startAt":1783429670248,"status":"passed","title":"disables upload button while processing"},{"ancestorTitles":["ExcelUpload Component","Upload Button and API Call"],"duration":19,"failing":false,"failureDetails":[],"failureMessages":[],"fullName":"ExcelUpload Component Upload Button and API Call shows loading indicator during upload","invocations":1,"location":null,"numPassingAsserts":1,"retryReasons":[],"startAt":1783429670262,"status":"passed","title":"shows loading indicator during upload"},{"ancestorTitles":["ExcelUpload Component","Success Response Display"],"duration":28,"failing":false,"failureDetails":[],"failureMessages":[],"fullName":"ExcelUpload Component Success Response Display displays processing results on success","invocations":1,"location":null,"numPassingAsserts":4,"retryReasons":[],"startAt":1783429670281,"status":"passed","title":"displays processing results on success"},{"ancestorTitles":["ExcelUpload Component","Success Response Display"],"duration":21,"failing":false,"failureDetails":[],"failureMessages":[],"fullName":"ExcelUpload Component Success Response Display re-enables button and hides loading after success","invocations":1,"location":null,"numPassingAsserts":2,"retryReasons":[],"startAt":1783429670309,"status":"passed","title":"re-enables button and hides loading after success"},{"ancestorTitles":["ExcelUpload Component","Success Response Display"],"duration":26,"failing":false,"failureDetails":[],"failureMessages":[],"fullName":"ExcelUpload Component Success Response Display renders download link when rowsFailed > 0","invocations":1,"location":null,"numPassingAsserts":2,"retryReasons":[],"startAt":1783429670331,"status":"passed","title":"renders download link when rowsFailed > 0"},{"ancestorTitles":["ExcelUpload Component","Success Response Display"],"duration":14,"failing":false,"failureDetails":[],"failureMessages":[],"fullName":"ExcelUpload Component Success Response Display does not render download link when rowsFailed === 0","invocations":1,"location":null,"numPassingAsserts":1,"retryReasons":[],"startAt":1783429670357,"status":"passed","title":"does not render download link when rowsFailed === 0"},{"ancestorTitles":["ExcelUpload Component","Error Response Handling"],"duration":14,"failing":false,"failureDetails":[],"failureMessages":[],"fullName":"ExcelUpload Component Error Response Handling displays error message for HTTP 400 Invalid File Format","invocations":1,"location":null,"numPassingAsserts":1,"retryReasons":[],"startAt":1783429670371,"status":"passed","title":"displays error message for HTTP 400 Invalid File Format"},{"ancestorTitles":["ExcelUpload Component","Error Response Handling"],"duration":19,"failing":false,"failureDetails":[],"failureMessages":[],"fullName":"ExcelUpload Component Error Response Handling displays error with unrecognized column names for HTTP 400 Column Name Mismatch","invocations":1,"location":null,"numPassingAsserts":3,"retryReasons":[],"startAt":1783429670385,"status":"passed","title":"displays error with unrecognized column names for HTTP 400 Column Name Mismatch"},{"ancestorTitles":["ExcelUpload Component","Error Response Handling"],"duration":16,"failing":false,"failureDetails":[],"failureMessages":[],"fullName":"ExcelUpload Component Error Response Handling displays generic error message for HTTP 500","invocations":1,"location":null,"numPassingAsserts":1,"retryReasons":[],"startAt":1783429670404,"status":"passed","title":"displays generic error message for HTTP 500"},{"ancestorTitles":["ExcelUpload Component","Error Response Handling"],"duration":14,"failing":false,"failureDetails":[],"failureMessages":[],"fullName":"ExcelUpload Component Error Response Handling re-enables button on error","invocations":1,"location":null,"numPassingAsserts":2,"retryReasons":[],"startAt":1783429670420,"status":"passed","title":"re-enables button on error"}],"endTime":1783429670437,"message":"","name":"/home/luukie/Documents/Gimme vetting solution/4-frontend/src/frontend/components/__tests__/ExcelUpload.test.jsx","startTime":1783429668637,"status":"passed","summary":""}],"wasInterrupted":false}
